<?xml version="1.0" encoding="UTF-8"?>
<testng-results skipped="0" failed="3" ignored="0" total="3" passed="0">
  <reporter-output>
    <line>
      <![CDATA[STATUS : FAIL]]>
    </line>
    <line>
      <![CDATA[STATUS : FAIL]]>
    </line>
    <line>
      <![CDATA[STATUS : FAIL]]>
    </line>
  </reporter-output>
  <suite name="MiralCreative" duration-ms="90702" started-at="2017-07-10T11:24:27Z" finished-at="2017-07-10T11:25:58Z">
    <groups>
    </groups>
    <test name="Test" duration-ms="90702" started-at="2017-07-10T11:24:27Z" finished-at="2017-07-10T11:25:58Z">
      <class name="com.miral.galenDefination.Home_Page">
        <test-method status="PASS" signature="initDriver([Ljava.lang.Object;)[pri:0, instance:com.miral.galenDefination.Home_Page@31610302]" name="initDriver" is-config="true" duration-ms="4400" started-at="2017-07-10T16:54:27Z" finished-at="2017-07-10T16:54:32Z">
          <params>
            <param index="0">
              <value>
                <![CDATA[[Ljava.lang.Object;@12a94400]]>
              </value>
            </param>
          </params>
          <reporter-output>
          </reporter-output>
        </test-method> <!-- initDriver -->
        <test-method status="PASS" signature="initReport(java.lang.reflect.Method)[pri:0, instance:com.miral.galenDefination.Home_Page@31610302]" name="initReport" is-config="true" duration-ms="8" started-at="2017-07-10T16:54:32Z" finished-at="2017-07-10T16:54:32Z">
          <params>
            <param index="0">
              <value>
                <![CDATA[public void com.miral.galenDefination.Home_Page.YasHomePageUIOnDesktop() throws java.io.IOException]]>
              </value>
            </param>
          </params>
          <reporter-output>
          </reporter-output>
        </test-method> <!-- initReport -->
        <test-method status="FAIL" signature="YasHomePageUIOnDesktop()[pri:0, instance:com.miral.galenDefination.Home_Page@31610302]" name="YasHomePageUIOnDesktop" duration-ms="25334" started-at="2017-07-10T16:54:32Z" finished-at="2017-07-10T16:54:57Z">
          <exception class="java.io.FileNotFoundException">
            <message>
              <![CDATA[C:\Users\gthak3\git\UIFramework\LastStandGalen/src/test/resources/YasHomepage.spec]]>
            </message>
            <full-stacktrace>
              <![CDATA[java.io.FileNotFoundException: C:\Users\gthak3\git\UIFramework\LastStandGalen/src/test/resources/YasHomepage.spec
	at com.galenframework.speclang2.pagespec.PageSpecReader.read(PageSpecReader.java:45)
	at com.galenframework.api.Galen.checkLayout(Galen.java:68)
	at com.galenframework.api.Galen.checkLayout(Galen.java:59)
	at com.galenframework.api.Galen.checkLayout(Galen.java:52)
	at com.galenframework.api.Galen.checkLayout(Galen.java:141)
	at com.galenframework.support.GalenJavaTestBase.checkLayout(GalenJavaTestBase.java:119)
	at com.galenframework.support.GalenJavaTestBase.checkLayout(GalenJavaTestBase.java:105)
	at com.miral.galenDefination.Home_Page.YasHomePageUIOnDesktop(Home_Page.java:21)
	at sun.reflect.NativeMethodAccessorImpl.invoke0(Native Method)
	at sun.reflect.NativeMethodAccessorImpl.invoke(NativeMethodAccessorImpl.java:62)
	at sun.reflect.DelegatingMethodAccessorImpl.invoke(DelegatingMethodAccessorImpl.java:43)
	at java.lang.reflect.Method.invoke(Method.java:498)
	at org.testng.internal.MethodInvocationHelper.invokeMethod(MethodInvocationHelper.java:104)
	at org.testng.internal.Invoker.invokeMethod(Invoker.java:645)
	at org.testng.internal.Invoker.invokeTestMethod(Invoker.java:851)
	at org.testng.internal.Invoker.invokeTestMethods(Invoker.java:1177)
	at org.testng.internal.TestMethodWorker.invokeTestMethods(TestMethodWorker.java:129)
	at org.testng.internal.TestMethodWorker.run(TestMethodWorker.java:112)
	at org.testng.TestRunner.privateRun(TestRunner.java:756)
	at org.testng.TestRunner.run(TestRunner.java:610)
	at org.testng.SuiteRunner.runTest(SuiteRunner.java:387)
	at org.testng.SuiteRunner.runSequentially(SuiteRunner.java:382)
	at org.testng.SuiteRunner.privateRun(SuiteRunner.java:340)
	at org.testng.SuiteRunner.run(SuiteRunner.java:289)
	at org.testng.SuiteRunnerWorker.runSuite(SuiteRunnerWorker.java:52)
	at org.testng.SuiteRunnerWorker.run(SuiteRunnerWorker.java:86)
	at org.testng.TestNG.runSuitesSequentially(TestNG.java:1293)
	at org.testng.TestNG.runSuitesLocally(TestNG.java:1218)
	at org.testng.TestNG.runSuites(TestNG.java:1133)
	at org.testng.TestNG.run(TestNG.java:1104)
	at org.testng.remote.AbstractRemoteTestNG.run(AbstractRemoteTestNG.java:132)
	at org.testng.remote.RemoteTestNG.initAndRun(RemoteTestNG.java:236)
	at org.testng.remote.RemoteTestNG.main(RemoteTestNG.java:81)
]]>
            </full-stacktrace>
          </exception> <!-- java.io.FileNotFoundException -->
          <reporter-output>
            <line>
              <![CDATA[STATUS : FAIL]]>
            </line>
          </reporter-output>
        </test-method> <!-- YasHomePageUIOnDesktop -->
        <test-method status="PASS" signature="quitDriver()[pri:0, instance:com.miral.galenDefination.Home_Page@31610302]" name="quitDriver" is-config="true" duration-ms="1756" started-at="2017-07-10T16:54:57Z" finished-at="2017-07-10T16:54:59Z">
          <reporter-output>
          </reporter-output>
        </test-method> <!-- quitDriver -->
        <test-method status="PASS" signature="initDriver([Ljava.lang.Object;)[pri:0, instance:com.miral.galenDefination.Home_Page@31610302]" name="initDriver" is-config="true" duration-ms="2512" started-at="2017-07-10T16:54:59Z" finished-at="2017-07-10T16:55:01Z">
          <params>
            <param index="0">
              <value>
                <![CDATA[[Ljava.lang.Object;@1ef6d34c]]>
              </value>
            </param>
          </params>
          <reporter-output>
          </reporter-output>
        </test-method> <!-- initDriver -->
        <test-method status="PASS" signature="initReport(java.lang.reflect.Method)[pri:0, instance:com.miral.galenDefination.Home_Page@31610302]" name="initReport" is-config="true" duration-ms="5" started-at="2017-07-10T16:55:01Z" finished-at="2017-07-10T16:55:01Z">
          <params>
            <param index="0">
              <value>
                <![CDATA[public void com.miral.galenDefination.Home_Page.YasHomePageUIOnMobile() throws java.io.IOException]]>
              </value>
            </param>
          </params>
          <reporter-output>
          </reporter-output>
        </test-method> <!-- initReport -->
        <test-method status="FAIL" signature="YasHomePageUIOnMobile()[pri:0, instance:com.miral.galenDefination.Home_Page@31610302]" name="YasHomePageUIOnMobile" duration-ms="25561" started-at="2017-07-10T16:55:01Z" finished-at="2017-07-10T16:55:27Z">
          <exception class="java.io.FileNotFoundException">
            <message>
              <![CDATA[C:\Users\gthak3\git\UIFramework\LastStandGalen/src/test/resources/YasHomepage.spec]]>
            </message>
            <full-stacktrace>
              <![CDATA[java.io.FileNotFoundException: C:\Users\gthak3\git\UIFramework\LastStandGalen/src/test/resources/YasHomepage.spec
	at com.galenframework.speclang2.pagespec.PageSpecReader.read(PageSpecReader.java:45)
	at com.galenframework.api.Galen.checkLayout(Galen.java:68)
	at com.galenframework.api.Galen.checkLayout(Galen.java:59)
	at com.galenframework.api.Galen.checkLayout(Galen.java:52)
	at com.galenframework.api.Galen.checkLayout(Galen.java:141)
	at com.galenframework.support.GalenJavaTestBase.checkLayout(GalenJavaTestBase.java:119)
	at com.galenframework.support.GalenJavaTestBase.checkLayout(GalenJavaTestBase.java:105)
	at com.miral.galenDefination.Home_Page.YasHomePageUIOnMobile(Home_Page.java:28)
	at sun.reflect.NativeMethodAccessorImpl.invoke0(Native Method)
	at sun.reflect.NativeMethodAccessorImpl.invoke(NativeMethodAccessorImpl.java:62)
	at sun.reflect.DelegatingMethodAccessorImpl.invoke(DelegatingMethodAccessorImpl.java:43)
	at java.lang.reflect.Method.invoke(Method.java:498)
	at org.testng.internal.MethodInvocationHelper.invokeMethod(MethodInvocationHelper.java:104)
	at org.testng.internal.Invoker.invokeMethod(Invoker.java:645)
	at org.testng.internal.Invoker.invokeTestMethod(Invoker.java:851)
	at org.testng.internal.Invoker.invokeTestMethods(Invoker.java:1177)
	at org.testng.internal.TestMethodWorker.invokeTestMethods(TestMethodWorker.java:129)
	at org.testng.internal.TestMethodWorker.run(TestMethodWorker.java:112)
	at org.testng.TestRunner.privateRun(TestRunner.java:756)
	at org.testng.TestRunner.run(TestRunner.java:610)
	at org.testng.SuiteRunner.runTest(SuiteRunner.java:387)
	at org.testng.SuiteRunner.runSequentially(SuiteRunner.java:382)
	at org.testng.SuiteRunner.privateRun(SuiteRunner.java:340)
	at org.testng.SuiteRunner.run(SuiteRunner.java:289)
	at org.testng.SuiteRunnerWorker.runSuite(SuiteRunnerWorker.java:52)
	at org.testng.SuiteRunnerWorker.run(SuiteRunnerWorker.java:86)
	at org.testng.TestNG.runSuitesSequentially(TestNG.java:1293)
	at org.testng.TestNG.runSuitesLocally(TestNG.java:1218)
	at org.testng.TestNG.runSuites(TestNG.java:1133)
	at org.testng.TestNG.run(TestNG.java:1104)
	at org.testng.remote.AbstractRemoteTestNG.run(AbstractRemoteTestNG.java:132)
	at org.testng.remote.RemoteTestNG.initAndRun(RemoteTestNG.java:236)
	at org.testng.remote.RemoteTestNG.main(RemoteTestNG.java:81)
]]>
            </full-stacktrace>
          </exception> <!-- java.io.FileNotFoundException -->
          <reporter-output>
            <line>
              <![CDATA[STATUS : FAIL]]>
            </line>
          </reporter-output>
        </test-method> <!-- YasHomePageUIOnMobile -->
        <test-method status="PASS" signature="quitDriver()[pri:0, instance:com.miral.galenDefination.Home_Page@31610302]" name="quitDriver" is-config="true" duration-ms="1824" started-at="2017-07-10T16:55:27Z" finished-at="2017-07-10T16:55:29Z">
          <reporter-output>
          </reporter-output>
        </test-method> <!-- quitDriver -->
        <test-method status="PASS" signature="initDriver([Ljava.lang.Object;)[pri:0, instance:com.miral.galenDefination.Home_Page@31610302]" name="initDriver" is-config="true" duration-ms="2398" started-at="2017-07-10T16:55:29Z" finished-at="2017-07-10T16:55:31Z">
          <params>
            <param index="0">
              <value>
                <![CDATA[[Ljava.lang.Object;@46271dd6]]>
              </value>
            </param>
          </params>
          <reporter-output>
          </reporter-output>
        </test-method> <!-- initDriver -->
        <test-method status="PASS" signature="initReport(java.lang.reflect.Method)[pri:0, instance:com.miral.galenDefination.Home_Page@31610302]" name="initReport" is-config="true" duration-ms="0" started-at="2017-07-10T16:55:31Z" finished-at="2017-07-10T16:55:31Z">
          <params>
            <param index="0">
              <value>
                <![CDATA[public void com.miral.galenDefination.Home_Page.YasHomePageUIOnTablet() throws java.io.IOException]]>
              </value>
            </param>
          </params>
          <reporter-output>
          </reporter-output>
        </test-method> <!-- initReport -->
        <test-method status="FAIL" signature="YasHomePageUIOnTablet()[pri:0, instance:com.miral.galenDefination.Home_Page@31610302]" name="YasHomePageUIOnTablet" duration-ms="25011" started-at="2017-07-10T16:55:31Z" finished-at="2017-07-10T16:55:56Z">
          <exception class="java.io.FileNotFoundException">
            <message>
              <![CDATA[C:\Users\gthak3\git\UIFramework\LastStandGalen/src/test/resources/YasHomepage.spec]]>
            </message>
            <full-stacktrace>
              <![CDATA[java.io.FileNotFoundException: C:\Users\gthak3\git\UIFramework\LastStandGalen/src/test/resources/YasHomepage.spec
	at com.galenframework.speclang2.pagespec.PageSpecReader.read(PageSpecReader.java:45)
	at com.galenframework.api.Galen.checkLayout(Galen.java:68)
	at com.galenframework.api.Galen.checkLayout(Galen.java:59)
	at com.galenframework.api.Galen.checkLayout(Galen.java:52)
	at com.galenframework.api.Galen.checkLayout(Galen.java:141)
	at com.galenframework.support.GalenJavaTestBase.checkLayout(GalenJavaTestBase.java:119)
	at com.galenframework.support.GalenJavaTestBase.checkLayout(GalenJavaTestBase.java:105)
	at com.miral.galenDefination.Home_Page.YasHomePageUIOnTablet(Home_Page.java:35)
	at sun.reflect.NativeMethodAccessorImpl.invoke0(Native Method)
	at sun.reflect.NativeMethodAccessorImpl.invoke(NativeMethodAccessorImpl.java:62)
	at sun.reflect.DelegatingMethodAccessorImpl.invoke(DelegatingMethodAccessorImpl.java:43)
	at java.lang.reflect.Method.invoke(Method.java:498)
	at org.testng.internal.MethodInvocationHelper.invokeMethod(MethodInvocationHelper.java:104)
	at org.testng.internal.Invoker.invokeMethod(Invoker.java:645)
	at org.testng.internal.Invoker.invokeTestMethod(Invoker.java:851)
	at org.testng.internal.Invoker.invokeTestMethods(Invoker.java:1177)
	at org.testng.internal.TestMethodWorker.invokeTestMethods(TestMethodWorker.java:129)
	at org.testng.internal.TestMethodWorker.run(TestMethodWorker.java:112)
	at org.testng.TestRunner.privateRun(TestRunner.java:756)
	at org.testng.TestRunner.run(TestRunner.java:610)
	at org.testng.SuiteRunner.runTest(SuiteRunner.java:387)
	at org.testng.SuiteRunner.runSequentially(SuiteRunner.java:382)
	at org.testng.SuiteRunner.privateRun(SuiteRunner.java:340)
	at org.testng.SuiteRunner.run(SuiteRunner.java:289)
	at org.testng.SuiteRunnerWorker.runSuite(SuiteRunnerWorker.java:52)
	at org.testng.SuiteRunnerWorker.run(SuiteRunnerWorker.java:86)
	at org.testng.TestNG.runSuitesSequentially(TestNG.java:1293)
	at org.testng.TestNG.runSuitesLocally(TestNG.java:1218)
	at org.testng.TestNG.runSuites(TestNG.java:1133)
	at org.testng.TestNG.run(TestNG.java:1104)
	at org.testng.remote.AbstractRemoteTestNG.run(AbstractRemoteTestNG.java:132)
	at org.testng.remote.RemoteTestNG.initAndRun(RemoteTestNG.java:236)
	at org.testng.remote.RemoteTestNG.main(RemoteTestNG.java:81)
]]>
            </full-stacktrace>
          </exception> <!-- java.io.FileNotFoundException -->
          <reporter-output>
            <line>
              <![CDATA[STATUS : FAIL]]>
            </line>
          </reporter-output>
        </test-method> <!-- YasHomePageUIOnTablet -->
        <test-method status="PASS" signature="quitDriver()[pri:0, instance:com.miral.galenDefination.Home_Page@31610302]" name="quitDriver" is-config="true" duration-ms="1767" started-at="2017-07-10T16:55:56Z" finished-at="2017-07-10T16:55:58Z">
          <reporter-output>
          </reporter-output>
        </test-method> <!-- quitDriver -->
      </class> <!-- com.miral.galenDefination.Home_Page -->
    </test> <!-- Test -->
  </suite> <!-- MiralCreative -->
</testng-results>
