<?xml version="1.0" encoding="UTF-8"?>
<!-- Generated by org.testng.reporters.JUnitReportReporter -->
<testsuite name="com.miral.galenDefination.ImageComparison" tests="1" time="30.833" ignored="0" failures="0" timestamp="18 Jul 2017 11:46:16 GMT" skipped="0" hostname="delgthak377365" errors="1">
  <testcase name="YasHomePageUIOnDesktop" time="30.833" classname="com.miral.galenDefination.ImageComparison">
    <error type="org.mozilla.javascript.EvaluatorException" message="missing ; before statement (&lt;cmd&gt;#1)">
      <![CDATA[org.mozilla.javascript.EvaluatorException: missing ; before statement (<cmd>#1)
	at org.mozilla.javascript.DefaultErrorReporter.runtimeError(DefaultErrorReporter.java:77)
	at org.mozilla.javascript.DefaultErrorReporter.error(DefaultErrorReporter.java:64)
	at org.mozilla.javascript.Parser.addError(Parser.java:188)
	at org.mozilla.javascript.Parser.addError(Parser.java:166)
	at org.mozilla.javascript.Parser.reportError(Parser.java:223)
	at org.mozilla.javascript.Parser.reportError(Parser.java:210)
	at org.mozilla.javascript.Parser.reportError(Parser.java:203)
	at org.mozilla.javascript.Parser.autoInsertSemicolon(Parser.java:1067)
	at org.mozilla.javascript.Parser.statementHelper(Parser.java:1044)
	at org.mozilla.javascript.Parser.statement(Parser.java:901)
	at org.mozilla.javascript.Parser.parse(Parser.java:540)
	at org.mozilla.javascript.Parser.parse(Parser.java:478)
	at org.mozilla.javascript.Context.compileImpl(Context.java:2348)
	at org.mozilla.javascript.Context.compileString(Context.java:1335)
	at org.mozilla.javascript.Context.compileString(Context.java:1324)
	at org.mozilla.javascript.Context.evaluateString(Context.java:1076)
	at com.galenframework.javascript.GalenJsExecutor.eval(GalenJsExecutor.java:93)
	at com.galenframework.speclang2.pagespec.PageSpecHandler.runJavaScript(PageSpecHandler.java:453)
	at com.galenframework.speclang2.pagespec.ScriptProcessor.process(ScriptProcessor.java:39)
	at com.galenframework.speclang2.pagespec.MacroProcessor.processMacroStatement(MacroProcessor.java:200)
	at com.galenframework.speclang2.pagespec.MacroProcessor.process(MacroProcessor.java:80)
	at com.galenframework.speclang2.pagespec.PageSpecReader.read(PageSpecReader.java:64)
	at com.galenframework.speclang2.pagespec.PageSpecReader.read(PageSpecReader.java:47)
	at com.galenframework.api.Galen.checkLayout(Galen.java:68)
	at com.galenframework.api.Galen.checkLayout(Galen.java:59)
	at com.galenframework.api.Galen.checkLayout(Galen.java:52)
	at com.galenframework.api.Galen.checkLayout(Galen.java:141)
	at com.galenframework.support.GalenJavaTestBase.checkLayout(GalenJavaTestBase.java:119)
	at com.galenframework.support.GalenJavaTestBase.checkLayout(GalenJavaTestBase.java:105)
	at com.miral.galenDefination.ImageComparison.YasHomePageUIOnDesktop(ImageComparison.java:20)
	at sun.reflect.NativeMethodAccessorImpl.invoke0(Native Method)
	at sun.reflect.NativeMethodAccessorImpl.invoke(NativeMethodAccessorImpl.java:62)
	at sun.reflect.DelegatingMethodAccessorImpl.invoke(DelegatingMethodAccessorImpl.java:43)
	at java.lang.reflect.Method.invoke(Method.java:498)
	at org.testng.internal.MethodInvocationHelper.invokeMethod(MethodInvocationHelper.java:104)
	at org.testng.internal.Invoker.invokeMethod(Invoker.java:645)
	at org.testng.internal.Invoker.invokeTestMethod(Invoker.java:851)
	at org.testng.internal.Invoker.invokeTestMethods(Invoker.java:1177)
	at org.testng.internal.TestMethodWorker.invokeTestMethods(TestMethodWorker.java:129)
	at org.testng.internal.TestMethodWorker.run(TestMethodWorker.java:112)
	at org.testng.TestRunner.privateRun(TestRunner.java:756)
	at org.testng.TestRunner.run(TestRunner.java:610)
	at org.testng.SuiteRunner.runTest(SuiteRunner.java:387)
	at org.testng.SuiteRunner.runSequentially(SuiteRunner.java:382)
	at org.testng.SuiteRunner.privateRun(SuiteRunner.java:340)
	at org.testng.SuiteRunner.run(SuiteRunner.java:289)
	at org.testng.SuiteRunnerWorker.runSuite(SuiteRunnerWorker.java:52)
	at org.testng.SuiteRunnerWorker.run(SuiteRunnerWorker.java:86)
	at org.testng.TestNG.runSuitesSequentially(TestNG.java:1293)
	at org.testng.TestNG.runSuitesLocally(TestNG.java:1218)
	at org.testng.TestNG.runSuites(TestNG.java:1133)
	at org.testng.TestNG.run(TestNG.java:1104)
	at org.testng.remote.AbstractRemoteTestNG.run(AbstractRemoteTestNG.java:132)
	at org.testng.remote.RemoteTestNG.initAndRun(RemoteTestNG.java:236)
	at org.testng.remote.RemoteTestNG.main(RemoteTestNG.java:81)
]]>
    </error>
  </testcase> <!-- YasHomePageUIOnDesktop -->
</testsuite> <!-- com.miral.galenDefination.ImageComparison -->
