<?xml version="1.0" encoding="UTF-8"?>
<!-- Generated by org.testng.reporters.JUnitXMLReporter -->
<testsuite hostname="WKWIN9963505" ignored="0" name="Test" tests="1" failures="1" timestamp="17 Jun 2018 05:32:10 GMT" time="17.702" errors="0">
  <testcase name="WBWHomePageUIOnDesktop" time="10.155" classname="com.miral.galenDefination.WBW_HomePage">
    <failure type="java.io.FileNotFoundException" message="D:\GalenJAVA\LastStandGalen/src/test/resources/spec/WBW_HonePage.spec">
      <![CDATA[java.io.FileNotFoundException: D:\GalenJAVA\LastStandGalen/src/test/resources/spec/WBW_HonePage.spec
	at com.galenframework.speclang2.pagespec.PageSpecReader.read(PageSpecReader.java:45)
	at com.galenframework.api.GalenPageDump.loadPageSpec(GalenPageDump.java:70)
	at com.galenframework.api.GalenPageDump.dumpPage(GalenPageDump.java:65)
	at com.miral.galenDefination.WBW_HomePage.WBWHomePageUIOnDesktop(WBW_HomePage.java:29)
... Removed 25 stack frames]]>
    </failure>
  </testcase> <!-- WBWHomePageUIOnDesktop -->
</testsuite> <!-- Test -->
