<?xml version="1.0" encoding="UTF-8"?>
<!-- Generated by org.testng.reporters.JUnitXMLReporter -->
<testsuite hostname="delgthak377365" ignored="0" name="Test" tests="3" failures="3" timestamp="10 Jul 2017 11:25:58 GMT" time="90.702" errors="0">
  <testcase name="YasHomePageUIOnDesktop" time="25.334" classname="com.miral.galenDefination.Home_Page">
    <failure type="java.io.FileNotFoundException" message="C:\Users\gthak3\git\UIFramework\LastStandGalen/src/test/resources/YasHomepage.spec">
      <![CDATA[java.io.FileNotFoundException: C:\Users\gthak3\git\UIFramework\LastStandGalen/src/test/resources/YasHomepage.spec
	at com.galenframework.speclang2.pagespec.PageSpecReader.read(PageSpecReader.java:45)
	at com.galenframework.api.Galen.checkLayout(Galen.java:68)
	at com.galenframework.api.Galen.checkLayout(Galen.java:59)
	at com.galenframework.api.Galen.checkLayout(Galen.java:52)
	at com.galenframework.api.Galen.checkLayout(Galen.java:141)
	at com.galenframework.support.GalenJavaTestBase.checkLayout(GalenJavaTestBase.java:119)
	at com.galenframework.support.GalenJavaTestBase.checkLayout(GalenJavaTestBase.java:105)
	at com.miral.galenDefination.Home_Page.YasHomePageUIOnDesktop(Home_Page.java:21)
... Removed 25 stack frames]]>
    </failure>
  </testcase> <!-- YasHomePageUIOnDesktop -->
  <testcase name="YasHomePageUIOnMobile" time="25.561" classname="com.miral.galenDefination.Home_Page">
    <failure type="java.io.FileNotFoundException" message="C:\Users\gthak3\git\UIFramework\LastStandGalen/src/test/resources/YasHomepage.spec">
      <![CDATA[java.io.FileNotFoundException: C:\Users\gthak3\git\UIFramework\LastStandGalen/src/test/resources/YasHomepage.spec
	at com.galenframework.speclang2.pagespec.PageSpecReader.read(PageSpecReader.java:45)
	at com.galenframework.api.Galen.checkLayout(Galen.java:68)
	at com.galenframework.api.Galen.checkLayout(Galen.java:59)
	at com.galenframework.api.Galen.checkLayout(Galen.java:52)
	at com.galenframework.api.Galen.checkLayout(Galen.java:141)
	at com.galenframework.support.GalenJavaTestBase.checkLayout(GalenJavaTestBase.java:119)
	at com.galenframework.support.GalenJavaTestBase.checkLayout(GalenJavaTestBase.java:105)
	at com.miral.galenDefination.Home_Page.YasHomePageUIOnMobile(Home_Page.java:28)
... Removed 25 stack frames]]>
    </failure>
  </testcase> <!-- YasHomePageUIOnMobile -->
  <testcase name="YasHomePageUIOnTablet" time="25.011" classname="com.miral.galenDefination.Home_Page">
    <failure type="java.io.FileNotFoundException" message="C:\Users\gthak3\git\UIFramework\LastStandGalen/src/test/resources/YasHomepage.spec">
      <![CDATA[java.io.FileNotFoundException: C:\Users\gthak3\git\UIFramework\LastStandGalen/src/test/resources/YasHomepage.spec
	at com.galenframework.speclang2.pagespec.PageSpecReader.read(PageSpecReader.java:45)
	at com.galenframework.api.Galen.checkLayout(Galen.java:68)
	at com.galenframework.api.Galen.checkLayout(Galen.java:59)
	at com.galenframework.api.Galen.checkLayout(Galen.java:52)
	at com.galenframework.api.Galen.checkLayout(Galen.java:141)
	at com.galenframework.support.GalenJavaTestBase.checkLayout(GalenJavaTestBase.java:119)
	at com.galenframework.support.GalenJavaTestBase.checkLayout(GalenJavaTestBase.java:105)
	at com.miral.galenDefination.Home_Page.YasHomePageUIOnTablet(Home_Page.java:35)
... Removed 25 stack frames]]>
    </failure>
  </testcase> <!-- YasHomePageUIOnTablet -->
</testsuite> <!-- Test -->
