<?xml version="1.0" encoding="UTF-8"?>
<!-- Generated by org.testng.reporters.JUnitXMLReporter -->
<testsuite hostname="delksah168562" ignored="0" name="Test" tests="4" failures="3" timestamp="20 Sep 2017 07:27:24 GMT" time="169.662" errors="0">
  <testcase name="Miral_HomePage_EditorialGrid_UI_Validation" time="55.18" classname="com.miral.galenDefination.Miral_HomePage">
    <failure type="com.galenframework.support.LayoutValidationException" message="D:\GalenJAVA\LastStandGalen/src/test/resources/spec/MiralEditorialGrid.spec, tags: [Desktop]
  - &amp;quot;viewport&amp;quot; is 2225px bottom instead of 2131px (D:\GalenJAVA\LastStandGalen/src/test/resources/spec/MiralEditorialGrid.spec:25)
  - &amp;quot;viewport&amp;quot; is 895px above &amp;quot;Editorialgrid_shorttitle&amp;quot; instead of 925px (D:\GalenJAVA\LastStandGalen/src/test/resources/spec/MiralEditorialGrid.spec:29)
  - &amp;quot;viewport&amp;quot; is 1216px above &amp;quot;Editorialgrid_list_item_svg&amp;quot; instead of 1246px (D:\GalenJAVA\LastStandGalen/src/test/resources/spec/MiralEditorialGrid.spec:30)
  - &amp;quot;viewport&amp;quot; is 1346px above &amp;quot;Editorialgrid_list_item_bodycopy&amp;quot; instead of 1376px (D:\GalenJAVA\LastStandGalen/src/test/resources/spec/MiralEditorialGrid.spec:31)
  - &amp;quot;viewport&amp;quot; is 1216px above &amp;quot;Editorialgrid_list_item&amp;quot; instead of 1246px (D:\GalenJAVA\LastStandGalen/src/test/resources/spec/MiralEditorialGrid.spec:32)
  - &amp;quot;viewport&amp;quot; is 1484px above &amp;quot;Editorialgrid_list_cta&amp;quot; instead of 1514px (D:\GalenJAVA\LastStandGalen/src/test/resources/spec/MiralEditorialGrid.spec:33)
  - &amp;quot;viewport&amp;quot; is 810px above &amp;quot;Editorialgrid_container&amp;quot; instead of 835px (D:\GalenJAVA\LastStandGalen/src/test/resources/spec/MiralEditorialGrid.spec:34)
  - &amp;quot;viewport&amp;quot; is 1072px above &amp;quot;Editorialgrid_bodycopy&amp;quot; instead of 1102px (D:\GalenJAVA\LastStandGalen/src/test/resources/spec/MiralEditorialGrid.spec:35)
  - &amp;quot;Editorialgrid_shorttitle&amp;quot; is 1531px top instead of 1561px, is 1305px bottom instead of 1181px (D:\GalenJAVA\LastStandGalen/src/test/resources/spec/MiralEditorialGrid.spec:41)
  - &amp;quot;Editorialgrid_shorttitle&amp;quot; is 85px top instead of 90px (D:\GalenJAVA\LastStandGalen/src/test/resources/spec/MiralEditorialGrid.spec:42)
  - &amp;quot;Editorialgrid_shorttitle&amp;quot; is 895px below &amp;quot;viewport&amp;quot; instead of 925px (D:\GalenJAVA\LastStandGalen/src/test/resources/spec/MiralEditorialGrid.spec:48)
  - &amp;quot;Editorialgrid_list_item_svg&amp;quot; is 1852px top instead of 1882px, is 909px bottom instead of 785px (D:\GalenJAVA\LastStandGalen/src/test/resources/spec/MiralEditorialGrid.spec:56)
  - &amp;quot;Editorialgrid_list_item_svg&amp;quot; is 406px top instead of 411px (D:\GalenJAVA\LastStandGalen/src/test/resources/spec/MiralEditorialGrid.spec:58)
  - &amp;quot;Editorialgrid_list_item_svg&amp;quot; is 1216px below &amp;quot;viewport&amp;quot; instead of 1246px (D:\GalenJAVA\LastStandGalen/src/test/resources/spec/MiralEditorialGrid.spec:63)
  - &amp;quot;Editorialgrid_list_item_bodycopy&amp;quot; is 1982px top instead of 2012px, is 819px bottom instead of 695px (D:\GalenJAVA\LastStandGalen/src/test/resources/spec/MiralEditorialGrid.spec:70)
  - &amp;quot;Editorialgrid_list_item_bodycopy&amp;quot; is 536px top instead of 541px (D:\GalenJAVA\LastStandGalen/src/test/resources/spec/MiralEditorialGrid.spec:71)
  - &amp;quot;Editorialgrid_list_item_bodycopy&amp;quot; is 1346px below &amp;quot;viewport&amp;quot; instead of 1376px (D:\GalenJAVA\LastStandGalen/src/test/resources/spec/MiralEditorialGrid.spec:77)
  - &amp;quot;Editorialgrid_list_item&amp;quot; is 1852px top instead of 1882px, is 789px bottom instead of 665px (D:\GalenJAVA\LastStandGalen/src/test/resources/spec/MiralEditorialGrid.spec:85)
  - &amp;quot;Editorialgrid_list_item&amp;quot; is 406px top instead of 411px (D:\GalenJAVA\LastStandGalen/src/test/resources/spec/MiralEditorialGrid.spec:86)
  - &amp;quot;Editorialgrid_list_item&amp;quot; is 1216px below &amp;quot;viewport&amp;quot; instead of 1246px (D:\GalenJAVA\LastStandGalen/src/test/resources/spec/MiralEditorialGrid.spec:92)
  - &amp;quot;Editorialgrid_list_cta&amp;quot; is 2120px top instead of 2150px, is 683px bottom instead of 559px (D:\GalenJAVA\LastStandGalen/src/test/resources/spec/MiralEditorialGrid.spec:98)
  - &amp;quot;Editorialgrid_list_cta&amp;quot; is 674px top instead of 679px (D:\GalenJAVA\LastStandGalen/src/test/resources/spec/MiralEditorialGrid.spec:99)
  - &amp;quot;Editorialgrid_list_cta&amp;quot; is 1484px below &amp;quot;viewport&amp;quot; instead of 1514px (D:\GalenJAVA\LastStandGalen/src/test/resources/spec/MiralEditorialGrid.spec:104)
  - &amp;quot;Editorialgrid_container&amp;quot; is 1446px top instead of 1471px, is 683px bottom instead of 559px (D:\GalenJAVA\LastStandGalen/src/test/resources/spec/MiralEditorialGrid.spec:119)
  - &amp;quot;Editorialgrid_container&amp;quot; is 810px below &amp;quot;viewport&amp;quot; instead of 835px (D:\GalenJAVA\LastStandGalen/src/test/resources/spec/MiralEditorialGrid.spec:123)
  - &amp;quot;Editorialgrid_bodycopy&amp;quot; is 1708px top instead of 1738px, is 1069px bottom instead of 945px (D:\GalenJAVA\LastStandGalen/src/test/resources/spec/MiralEditorialGrid.spec:129)
  - &amp;quot;Editorialgrid_bodycopy&amp;quot; is 262px top instead of 267px (D:\GalenJAVA\LastStandGalen/src/test/resources/spec/MiralEditorialGrid.spec:130)
  - &amp;quot;Editorialgrid_bodycopy&amp;quot; is 1072px below &amp;quot;viewport&amp;quot; instead of 1102px (D:\GalenJAVA\LastStandGalen/src/test/resources/spec/MiralEditorialGrid.spec:137)
">
      <![CDATA[com.galenframework.support.LayoutValidationException: D:\GalenJAVA\LastStandGalen/src/test/resources/spec/MiralEditorialGrid.spec, tags: [Desktop]
  - "viewport" is 2225px bottom instead of 2131px (D:\GalenJAVA\LastStandGalen/src/test/resources/spec/MiralEditorialGrid.spec:25)
  - "viewport" is 895px above "Editorialgrid_shorttitle" instead of 925px (D:\GalenJAVA\LastStandGalen/src/test/resources/spec/MiralEditorialGrid.spec:29)
  - "viewport" is 1216px above "Editorialgrid_list_item_svg" instead of 1246px (D:\GalenJAVA\LastStandGalen/src/test/resources/spec/MiralEditorialGrid.spec:30)
  - "viewport" is 1346px above "Editorialgrid_list_item_bodycopy" instead of 1376px (D:\GalenJAVA\LastStandGalen/src/test/resources/spec/MiralEditorialGrid.spec:31)
  - "viewport" is 1216px above "Editorialgrid_list_item" instead of 1246px (D:\GalenJAVA\LastStandGalen/src/test/resources/spec/MiralEditorialGrid.spec:32)
  - "viewport" is 1484px above "Editorialgrid_list_cta" instead of 1514px (D:\GalenJAVA\LastStandGalen/src/test/resources/spec/MiralEditorialGrid.spec:33)
  - "viewport" is 810px above "Editorialgrid_container" instead of 835px (D:\GalenJAVA\LastStandGalen/src/test/resources/spec/MiralEditorialGrid.spec:34)
  - "viewport" is 1072px above "Editorialgrid_bodycopy" instead of 1102px (D:\GalenJAVA\LastStandGalen/src/test/resources/spec/MiralEditorialGrid.spec:35)
  - "Editorialgrid_shorttitle" is 1531px top instead of 1561px, is 1305px bottom instead of 1181px (D:\GalenJAVA\LastStandGalen/src/test/resources/spec/MiralEditorialGrid.spec:41)
  - "Editorialgrid_shorttitle" is 85px top instead of 90px (D:\GalenJAVA\LastStandGalen/src/test/resources/spec/MiralEditorialGrid.spec:42)
  - "Editorialgrid_shorttitle" is 895px below "viewport" instead of 925px (D:\GalenJAVA\LastStandGalen/src/test/resources/spec/MiralEditorialGrid.spec:48)
  - "Editorialgrid_list_item_svg" is 1852px top instead of 1882px, is 909px bottom instead of 785px (D:\GalenJAVA\LastStandGalen/src/test/resources/spec/MiralEditorialGrid.spec:56)
  - "Editorialgrid_list_item_svg" is 406px top instead of 411px (D:\GalenJAVA\LastStandGalen/src/test/resources/spec/MiralEditorialGrid.spec:58)
  - "Editorialgrid_list_item_svg" is 1216px below "viewport" instead of 1246px (D:\GalenJAVA\LastStandGalen/src/test/resources/spec/MiralEditorialGrid.spec:63)
  - "Editorialgrid_list_item_bodycopy" is 1982px top instead of 2012px, is 819px bottom instead of 695px (D:\GalenJAVA\LastStandGalen/src/test/resources/spec/MiralEditorialGrid.spec:70)
  - "Editorialgrid_list_item_bodycopy" is 536px top instead of 541px (D:\GalenJAVA\LastStandGalen/src/test/resources/spec/MiralEditorialGrid.spec:71)
  - "Editorialgrid_list_item_bodycopy" is 1346px below "viewport" instead of 1376px (D:\GalenJAVA\LastStandGalen/src/test/resources/spec/MiralEditorialGrid.spec:77)
  - "Editorialgrid_list_item" is 1852px top instead of 1882px, is 789px bottom instead of 665px (D:\GalenJAVA\LastStandGalen/src/test/resources/spec/MiralEditorialGrid.spec:85)
  - "Editorialgrid_list_item" is 406px top instead of 411px (D:\GalenJAVA\LastStandGalen/src/test/resources/spec/MiralEditorialGrid.spec:86)
  - "Editorialgrid_list_item" is 1216px below "viewport" instead of 1246px (D:\GalenJAVA\LastStandGalen/src/test/resources/spec/MiralEditorialGrid.spec:92)
  - "Editorialgrid_list_cta" is 2120px top instead of 2150px, is 683px bottom instead of 559px (D:\GalenJAVA\LastStandGalen/src/test/resources/spec/MiralEditorialGrid.spec:98)
  - "Editorialgrid_list_cta" is 674px top instead of 679px (D:\GalenJAVA\LastStandGalen/src/test/resources/spec/MiralEditorialGrid.spec:99)
  - "Editorialgrid_list_cta" is 1484px below "viewport" instead of 1514px (D:\GalenJAVA\LastStandGalen/src/test/resources/spec/MiralEditorialGrid.spec:104)
  - "Editorialgrid_container" is 1446px top instead of 1471px, is 683px bottom instead of 559px (D:\GalenJAVA\LastStandGalen/src/test/resources/spec/MiralEditorialGrid.spec:119)
  - "Editorialgrid_container" is 810px below "viewport" instead of 835px (D:\GalenJAVA\LastStandGalen/src/test/resources/spec/MiralEditorialGrid.spec:123)
  - "Editorialgrid_bodycopy" is 1708px top instead of 1738px, is 1069px bottom instead of 945px (D:\GalenJAVA\LastStandGalen/src/test/resources/spec/MiralEditorialGrid.spec:129)
  - "Editorialgrid_bodycopy" is 262px top instead of 267px (D:\GalenJAVA\LastStandGalen/src/test/resources/spec/MiralEditorialGrid.spec:130)
  - "Editorialgrid_bodycopy" is 1072px below "viewport" instead of 1102px (D:\GalenJAVA\LastStandGalen/src/test/resources/spec/MiralEditorialGrid.spec:137)

	at com.galenframework.support.GalenJavaTestBase.checkLayout(GalenJavaTestBase.java:123)
	at com.galenframework.support.GalenJavaTestBase.checkLayout(GalenJavaTestBase.java:105)
	at com.miral.galenDefination.Miral_HomePage.Miral_HomePage_EditorialGrid_UI_Validation(Miral_HomePage.java:113)
... Removed 25 stack frames]]>
    </failure>
  </testcase> <!-- Miral_HomePage_EditorialGrid_UI_Validation -->
  <testcase name="Miral_HomePage_Footer_UI_Validation" time="49.52" classname="com.miral.galenDefination.Miral_HomePage">
    <failure type="com.galenframework.support.LayoutValidationException" message="D:\GalenJAVA\LastStandGalen/src/test/resources/spec/MiralFooter.spec, tags: [Desktop]
  - &amp;quot;Footer_column_container&amp;quot; is 2396px top instead of 2303px, is 215px bottom instead of 214px (D:\GalenJAVA\LastStandGalen/src/test/resources/spec/MiralFooter.spec:17)
  - &amp;quot;Footer_column_container&amp;quot; is 1760px below &amp;quot;viewport&amp;quot; instead of 1667px (D:\GalenJAVA\LastStandGalen/src/test/resources/spec/MiralFooter.spec:27)
  - &amp;quot;Footer_container&amp;quot; is 2351px top instead of 2258px (D:\GalenJAVA\LastStandGalen/src/test/resources/spec/MiralFooter.spec:32)
  - &amp;quot;screen&amp;quot; is not aligned horizontally bottom with &amp;quot;Footer_container&amp;quot;. Offset is 1px (D:\GalenJAVA\LastStandGalen/src/test/resources/spec/MiralFooter.spec:33)
  - &amp;quot;Footer_container&amp;quot; is 1715px below &amp;quot;viewport&amp;quot; instead of 1622px (D:\GalenJAVA\LastStandGalen/src/test/resources/spec/MiralFooter.spec:36)
  - &amp;quot;Footer_cpyrgt&amp;quot; is 2811px top instead of 2718px, is 33px bottom instead of 32px (D:\GalenJAVA\LastStandGalen/src/test/resources/spec/MiralFooter.spec:40)
  - &amp;quot;Footer_cpyrgt&amp;quot; is 2175px below &amp;quot;viewport&amp;quot; instead of 2082px (D:\GalenJAVA\LastStandGalen/src/test/resources/spec/MiralFooter.spec:47)
  - &amp;quot;Footer_link_category&amp;quot; is 2396px top instead of 2303px, is 447px bottom instead of 446px (D:\GalenJAVA\LastStandGalen/src/test/resources/spec/MiralFooter.spec:54)
  - &amp;quot;Footer_link_category&amp;quot; is 1760px below &amp;quot;viewport&amp;quot; instead of 1667px (D:\GalenJAVA\LastStandGalen/src/test/resources/spec/MiralFooter.spec:65)
  - &amp;quot;Footer_link_subcat_ferrari&amp;quot; is 2434px top instead of 2341px, is 409px bottom instead of 408px (D:\GalenJAVA\LastStandGalen/src/test/resources/spec/MiralFooter.spec:71)
  - &amp;quot;Footer_link_subcat_ferrari&amp;quot; is 1798px below &amp;quot;viewport&amp;quot; instead of 1705px (D:\GalenJAVA\LastStandGalen/src/test/resources/spec/MiralFooter.spec:81)
  - &amp;quot;Footer_scnd_logo&amp;quot; is 2694px top instead of 2601px, is 92px bottom instead of 91px (D:\GalenJAVA\LastStandGalen/src/test/resources/spec/MiralFooter.spec:85)
  - &amp;quot;Footer_scnd_logo&amp;quot; is 2058px below &amp;quot;viewport&amp;quot; instead of 1965px (D:\GalenJAVA\LastStandGalen/src/test/resources/spec/MiralFooter.spec:95)
  - &amp;quot;Footer_prmy_logo&amp;quot; is 2713px top instead of 2620px, is 106px bottom instead of 105px (D:\GalenJAVA\LastStandGalen/src/test/resources/spec/MiralFooter.spec:99)
  - &amp;quot;Footer_prmy_logo&amp;quot; is 2077px below &amp;quot;viewport&amp;quot; instead of 1984px (D:\GalenJAVA\LastStandGalen/src/test/resources/spec/MiralFooter.spec:108)
  - &amp;quot;Footer_container&amp;quot; is not aligned horizontally bottom with &amp;quot;screen&amp;quot;. Offset is 1px (D:\GalenJAVA\LastStandGalen/src/test/resources/spec/MiralFooter.spec:114)
  - &amp;quot;viewport&amp;quot; is 2225px bottom instead of 2131px (D:\GalenJAVA\LastStandGalen/src/test/resources/spec/MiralFooter.spec:122)
  - &amp;quot;viewport&amp;quot; is 1760px above &amp;quot;Footer_column_container&amp;quot; instead of 1667px (D:\GalenJAVA\LastStandGalen/src/test/resources/spec/MiralFooter.spec:126)
  - &amp;quot;viewport&amp;quot; is 1715px above &amp;quot;Footer_container&amp;quot; instead of 1622px (D:\GalenJAVA\LastStandGalen/src/test/resources/spec/MiralFooter.spec:127)
  - &amp;quot;viewport&amp;quot; is 2175px above &amp;quot;Footer_cpyrgt&amp;quot; instead of 2082px (D:\GalenJAVA\LastStandGalen/src/test/resources/spec/MiralFooter.spec:128)
  - &amp;quot;viewport&amp;quot; is 1760px above &amp;quot;Footer_link_category&amp;quot; instead of 1667px (D:\GalenJAVA\LastStandGalen/src/test/resources/spec/MiralFooter.spec:129)
  - &amp;quot;viewport&amp;quot; is 1798px above &amp;quot;Footer_link_subcat_ferrari&amp;quot; instead of 1705px (D:\GalenJAVA\LastStandGalen/src/test/resources/spec/MiralFooter.spec:130)
  - &amp;quot;viewport&amp;quot; is 2058px above &amp;quot;Footer_scnd_logo&amp;quot; instead of 1965px (D:\GalenJAVA\LastStandGalen/src/test/resources/spec/MiralFooter.spec:131)
  - &amp;quot;viewport&amp;quot; is 2077px above &amp;quot;Footer_prmy_logo&amp;quot; instead of 1984px (D:\GalenJAVA\LastStandGalen/src/test/resources/spec/MiralFooter.spec:132)
">
      <![CDATA[com.galenframework.support.LayoutValidationException: D:\GalenJAVA\LastStandGalen/src/test/resources/spec/MiralFooter.spec, tags: [Desktop]
  - "Footer_column_container" is 2396px top instead of 2303px, is 215px bottom instead of 214px (D:\GalenJAVA\LastStandGalen/src/test/resources/spec/MiralFooter.spec:17)
  - "Footer_column_container" is 1760px below "viewport" instead of 1667px (D:\GalenJAVA\LastStandGalen/src/test/resources/spec/MiralFooter.spec:27)
  - "Footer_container" is 2351px top instead of 2258px (D:\GalenJAVA\LastStandGalen/src/test/resources/spec/MiralFooter.spec:32)
  - "screen" is not aligned horizontally bottom with "Footer_container". Offset is 1px (D:\GalenJAVA\LastStandGalen/src/test/resources/spec/MiralFooter.spec:33)
  - "Footer_container" is 1715px below "viewport" instead of 1622px (D:\GalenJAVA\LastStandGalen/src/test/resources/spec/MiralFooter.spec:36)
  - "Footer_cpyrgt" is 2811px top instead of 2718px, is 33px bottom instead of 32px (D:\GalenJAVA\LastStandGalen/src/test/resources/spec/MiralFooter.spec:40)
  - "Footer_cpyrgt" is 2175px below "viewport" instead of 2082px (D:\GalenJAVA\LastStandGalen/src/test/resources/spec/MiralFooter.spec:47)
  - "Footer_link_category" is 2396px top instead of 2303px, is 447px bottom instead of 446px (D:\GalenJAVA\LastStandGalen/src/test/resources/spec/MiralFooter.spec:54)
  - "Footer_link_category" is 1760px below "viewport" instead of 1667px (D:\GalenJAVA\LastStandGalen/src/test/resources/spec/MiralFooter.spec:65)
  - "Footer_link_subcat_ferrari" is 2434px top instead of 2341px, is 409px bottom instead of 408px (D:\GalenJAVA\LastStandGalen/src/test/resources/spec/MiralFooter.spec:71)
  - "Footer_link_subcat_ferrari" is 1798px below "viewport" instead of 1705px (D:\GalenJAVA\LastStandGalen/src/test/resources/spec/MiralFooter.spec:81)
  - "Footer_scnd_logo" is 2694px top instead of 2601px, is 92px bottom instead of 91px (D:\GalenJAVA\LastStandGalen/src/test/resources/spec/MiralFooter.spec:85)
  - "Footer_scnd_logo" is 2058px below "viewport" instead of 1965px (D:\GalenJAVA\LastStandGalen/src/test/resources/spec/MiralFooter.spec:95)
  - "Footer_prmy_logo" is 2713px top instead of 2620px, is 106px bottom instead of 105px (D:\GalenJAVA\LastStandGalen/src/test/resources/spec/MiralFooter.spec:99)
  - "Footer_prmy_logo" is 2077px below "viewport" instead of 1984px (D:\GalenJAVA\LastStandGalen/src/test/resources/spec/MiralFooter.spec:108)
  - "Footer_container" is not aligned horizontally bottom with "screen". Offset is 1px (D:\GalenJAVA\LastStandGalen/src/test/resources/spec/MiralFooter.spec:114)
  - "viewport" is 2225px bottom instead of 2131px (D:\GalenJAVA\LastStandGalen/src/test/resources/spec/MiralFooter.spec:122)
  - "viewport" is 1760px above "Footer_column_container" instead of 1667px (D:\GalenJAVA\LastStandGalen/src/test/resources/spec/MiralFooter.spec:126)
  - "viewport" is 1715px above "Footer_container" instead of 1622px (D:\GalenJAVA\LastStandGalen/src/test/resources/spec/MiralFooter.spec:127)
  - "viewport" is 2175px above "Footer_cpyrgt" instead of 2082px (D:\GalenJAVA\LastStandGalen/src/test/resources/spec/MiralFooter.spec:128)
  - "viewport" is 1760px above "Footer_link_category" instead of 1667px (D:\GalenJAVA\LastStandGalen/src/test/resources/spec/MiralFooter.spec:129)
  - "viewport" is 1798px above "Footer_link_subcat_ferrari" instead of 1705px (D:\GalenJAVA\LastStandGalen/src/test/resources/spec/MiralFooter.spec:130)
  - "viewport" is 2058px above "Footer_scnd_logo" instead of 1965px (D:\GalenJAVA\LastStandGalen/src/test/resources/spec/MiralFooter.spec:131)
  - "viewport" is 2077px above "Footer_prmy_logo" instead of 1984px (D:\GalenJAVA\LastStandGalen/src/test/resources/spec/MiralFooter.spec:132)

	at com.galenframework.support.GalenJavaTestBase.checkLayout(GalenJavaTestBase.java:123)
	at com.galenframework.support.GalenJavaTestBase.checkLayout(GalenJavaTestBase.java:105)
	at com.miral.galenDefination.Miral_HomePage.Miral_HomePage_Footer_UI_Validation(Miral_HomePage.java:144)
... Removed 25 stack frames]]>
    </failure>
  </testcase> <!-- Miral_HomePage_Footer_UI_Validation -->
  <testcase name="Miral_HomePage_Header_UI_Validation" time="45.806" classname="com.miral.galenDefination.Miral_HomePage"/>
  <testcase name="Miral_HomePage_HeroPanel_UI_Validation" time="0.243" classname="com.miral.galenDefination.Miral_HomePage">
    <failure type="org.openqa.selenium.NoSuchElementException" message="no such element: Unable to locate element: {&amp;quot;method&amp;quot;:&amp;quot;xpath&amp;quot;,&amp;quot;selector&amp;quot;:&amp;quot;.//div[contains(@class,&amp;apos;btn btn-secondary header-bottom-btn-login&amp;apos;)]/a&amp;quot;}
  (Session info: chrome=60.0.3112.113)
  (Driver info: chromedriver=2.29.461591 (62ebf098771772160f391d75e589dc567915b233),platform=Windows NT 6.1.7601 SP1 x86_64) (WARNING: The server did not provide any stacktrace information)
Command duration or timeout: 229 milliseconds
For documentation on this error, please visit: http://seleniumhq.org/exceptions/no_such_element.html
Build info: version: &amp;apos;3.4.0&amp;apos;, revision: &amp;apos;unknown&amp;apos;, time: &amp;apos;unknown&amp;apos;
System info: host: &amp;apos;DELKSAH168562&amp;apos;, ip: &amp;apos;10.202.96.145&amp;apos;, os.name: &amp;apos;Windows 7&amp;apos;, os.arch: &amp;apos;amd64&amp;apos;, os.version: &amp;apos;6.1&amp;apos;, java.version: &amp;apos;1.8.0_121&amp;apos;
Driver info: org.openqa.selenium.chrome.ChromeDriver
Capabilities [{applicationCacheEnabled=false, rotatable=false, mobileEmulationEnabled=false, networkConnectionEnabled=false, chrome={chromedriverVersion=2.29.461591 (62ebf098771772160f391d75e589dc567915b233), userDataDir=C:\Users\Ksah1\AppData\Local\Temp\scoped_dir1384_29393}, takesHeapSnapshot=true, pageLoadStrategy=normal, databaseEnabled=false, handlesAlerts=true, hasTouchScreen=false, version=60.0.3112.113, platform=XP, browserConnectionEnabled=false, nativeEvents=true, acceptSslCerts=true, locationContextEnabled=true, webStorageEnabled=true, browserName=chrome, takesScreenshot=true, javascriptEnabled=true, cssSelectorsEnabled=true, unexpectedAlertBehaviour=}]
Session ID: c12fc8b9e3e11e350dc46b94ac17bbec
*** Element info: {Using=xpath, value=.//div[contains(@class,&amp;apos;btn btn-secondary header-bottom-btn-login&amp;apos;)]/a}">
      <![CDATA[org.openqa.selenium.NoSuchElementException: no such element: Unable to locate element: {"method":"xpath","selector":".//div[contains(@class,'btn btn-secondary header-bottom-btn-login')]/a"}
  (Session info: chrome=60.0.3112.113)
  (Driver info: chromedriver=2.29.461591 (62ebf098771772160f391d75e589dc567915b233),platform=Windows NT 6.1.7601 SP1 x86_64) (WARNING: The server did not provide any stacktrace information)
Command duration or timeout: 229 milliseconds
For documentation on this error, please visit: http://seleniumhq.org/exceptions/no_such_element.html
Build info: version: '3.4.0', revision: 'unknown', time: 'unknown'
System info: host: 'DELKSAH168562', ip: '10.202.96.145', os.name: 'Windows 7', os.arch: 'amd64', os.version: '6.1', java.version: '1.8.0_121'
Driver info: org.openqa.selenium.chrome.ChromeDriver
Capabilities [{applicationCacheEnabled=false, rotatable=false, mobileEmulationEnabled=false, networkConnectionEnabled=false, chrome={chromedriverVersion=2.29.461591 (62ebf098771772160f391d75e589dc567915b233), userDataDir=C:\Users\Ksah1\AppData\Local\Temp\scoped_dir1384_29393}, takesHeapSnapshot=true, pageLoadStrategy=normal, databaseEnabled=false, handlesAlerts=true, hasTouchScreen=false, version=60.0.3112.113, platform=XP, browserConnectionEnabled=false, nativeEvents=true, acceptSslCerts=true, locationContextEnabled=true, webStorageEnabled=true, browserName=chrome, takesScreenshot=true, javascriptEnabled=true, cssSelectorsEnabled=true, unexpectedAlertBehaviour=}]
Session ID: c12fc8b9e3e11e350dc46b94ac17bbec
*** Element info: {Using=xpath, value=.//div[contains(@class,'btn btn-secondary header-bottom-btn-login')]/a}
	at org.openqa.selenium.remote.ErrorHandler.createThrowable(ErrorHandler.java:215)
	at org.openqa.selenium.remote.ErrorHandler.throwIfResponseFailed(ErrorHandler.java:167)
	at org.openqa.selenium.remote.RemoteWebDriver.execute(RemoteWebDriver.java:671)
	at org.openqa.selenium.remote.RemoteWebDriver.findElement(RemoteWebDriver.java:410)
	at org.openqa.selenium.remote.RemoteWebDriver.findElementByXPath(RemoteWebDriver.java:509)
	at org.openqa.selenium.By$ByXPath.findElement(By.java:361)
	at org.openqa.selenium.remote.RemoteWebDriver.findElement(RemoteWebDriver.java:402)
	at com.miral.galenDefination.Miral_HomePage.Miral_HomePage_HeroPanel_UI_Validation(Miral_HomePage.java:64)
... Removed 29 stack frames]]>
    </failure>
  </testcase> <!-- Miral_HomePage_HeroPanel_UI_Validation -->
</testsuite> <!-- Test -->
