<?xml version="1.0" encoding="UTF-8"?>
<!-- Generated by org.testng.reporters.JUnitXMLReporter -->
<testsuite hostname="delgthak377365" ignored="0" name="Test" tests="3" failures="0" timestamp="12 Jul 2017 09:08:16 GMT" time="96.294" errors="0">
  <testcase name="YasHomePageUIOnDesktop" time="28.517" classname="com.miral.galenDefination.Home_Page"/>
  <testcase name="YasHomePageUIOnMobile" time="26.963" classname="com.miral.galenDefination.Home_Page"/>
  <testcase name="YasHomePageUIOnTablet" time="27.087" classname="com.miral.galenDefination.Home_Page"/>
</testsuite> <!-- Test -->
