<?xml version="1.0" encoding="UTF-8"?>
<!-- Generated by org.testng.reporters.JUnitXMLReporter -->
<testsuite hostname="delksah168562" ignored="0" name="Test" tests="7" failures="3" timestamp="13 Jul 2017 11:12:12 GMT" time="154.985" errors="0">
  <testcase name="YasHomePageUIOnDesktop" time="19.548" classname="com.miral.galenDefination.Home_Page">
    <failure type="com.galenframework.support.LayoutValidationException" message="D:\GalenJAVA\LastStandGalen/src/test/resources/spec/YasHomepage.spec, tags: [Desktop]
  - &amp;quot;contactus&amp;quot; is not visible on page (D:\GalenJAVA\LastStandGalen/src/test/resources/spec/YasHomepage.spec:34)
">
      <![CDATA[com.galenframework.support.LayoutValidationException: D:\GalenJAVA\LastStandGalen/src/test/resources/spec/YasHomepage.spec, tags: [Desktop]
  - "contactus" is not visible on page (D:\GalenJAVA\LastStandGalen/src/test/resources/spec/YasHomepage.spec:34)

	at com.galenframework.support.GalenJavaTestBase.checkLayout(GalenJavaTestBase.java:123)
	at com.galenframework.support.GalenJavaTestBase.checkLayout(GalenJavaTestBase.java:105)
	at com.miral.galenDefination.Home_Page.YasHomePageUIOnDesktop(Home_Page.java:21)
... Removed 25 stack frames]]>
    </failure>
  </testcase> <!-- YasHomePageUIOnDesktop -->
  <testcase name="YasHomePageUIOnMobile" time="15.264" classname="com.miral.galenDefination.Home_Page"/>
  <testcase name="YasHomePageUIOnTablet" time="18.411" classname="com.miral.galenDefination.Home_Page">
    <failure type="com.galenframework.support.LayoutValidationException" message="D:\GalenJAVA\LastStandGalen/src/test/resources/spec/YasHomepage.spec, tags: [tablet]
  - &amp;quot;contactus&amp;quot; is not visible on page (D:\GalenJAVA\LastStandGalen/src/test/resources/spec/YasHomepage.spec:34)
">
      <![CDATA[com.galenframework.support.LayoutValidationException: D:\GalenJAVA\LastStandGalen/src/test/resources/spec/YasHomepage.spec, tags: [tablet]
  - "contactus" is not visible on page (D:\GalenJAVA\LastStandGalen/src/test/resources/spec/YasHomepage.spec:34)

	at com.galenframework.support.GalenJavaTestBase.checkLayout(GalenJavaTestBase.java:123)
	at com.galenframework.support.GalenJavaTestBase.checkLayout(GalenJavaTestBase.java:105)
	at com.miral.galenDefination.Home_Page.YasHomePageUIOnTablet(Home_Page.java:35)
... Removed 25 stack frames]]>
    </failure>
  </testcase> <!-- YasHomePageUIOnTablet -->
  <testcase name="YasSearchpageUIinDesktop" time="17.455" classname="com.miral.galenDefination.Search_Page"/>
  <testcase name="YasSearchpageUIinMobile" time="14.561" classname="com.miral.galenDefination.Search_Page">
    <failure type="org.openqa.selenium.ElementNotVisibleException" message="element not visible
  (Session info: chrome=59.0.3071.115)
  (Driver info: chromedriver=2.29.461591 (62ebf098771772160f391d75e589dc567915b233),platform=Windows NT 6.1.7601 SP1 x86_64) (WARNING: The server did not provide any stacktrace information)
Command duration or timeout: 192 milliseconds
Build info: version: &amp;apos;3.4.0&amp;apos;, revision: &amp;apos;unknown&amp;apos;, time: &amp;apos;unknown&amp;apos;
System info: host: &amp;apos;DELKSAH168562&amp;apos;, ip: &amp;apos;10.202.98.65&amp;apos;, os.name: &amp;apos;Windows 7&amp;apos;, os.arch: &amp;apos;amd64&amp;apos;, os.version: &amp;apos;6.1&amp;apos;, java.version: &amp;apos;1.8.0_121&amp;apos;
Driver info: org.openqa.selenium.chrome.ChromeDriver
Capabilities [{applicationCacheEnabled=false, rotatable=false, mobileEmulationEnabled=false, networkConnectionEnabled=false, chrome={chromedriverVersion=2.29.461591 (62ebf098771772160f391d75e589dc567915b233), userDataDir=C:\Users\Ksah1\AppData\Local\Temp\scoped_dir8680_3842}, takesHeapSnapshot=true, pageLoadStrategy=normal, databaseEnabled=false, handlesAlerts=true, hasTouchScreen=false, version=59.0.3071.115, platform=XP, browserConnectionEnabled=false, nativeEvents=true, acceptSslCerts=true, locationContextEnabled=true, webStorageEnabled=true, browserName=chrome, takesScreenshot=true, javascriptEnabled=true, cssSelectorsEnabled=true, unexpectedAlertBehaviour=}]
Session ID: 8b81bda8b0d9fcfa9ea6600d104587c5">
      <![CDATA[org.openqa.selenium.ElementNotVisibleException: element not visible
  (Session info: chrome=59.0.3071.115)
  (Driver info: chromedriver=2.29.461591 (62ebf098771772160f391d75e589dc567915b233),platform=Windows NT 6.1.7601 SP1 x86_64) (WARNING: The server did not provide any stacktrace information)
Command duration or timeout: 192 milliseconds
Build info: version: '3.4.0', revision: 'unknown', time: 'unknown'
System info: host: 'DELKSAH168562', ip: '10.202.98.65', os.name: 'Windows 7', os.arch: 'amd64', os.version: '6.1', java.version: '1.8.0_121'
Driver info: org.openqa.selenium.chrome.ChromeDriver
Capabilities [{applicationCacheEnabled=false, rotatable=false, mobileEmulationEnabled=false, networkConnectionEnabled=false, chrome={chromedriverVersion=2.29.461591 (62ebf098771772160f391d75e589dc567915b233), userDataDir=C:\Users\Ksah1\AppData\Local\Temp\scoped_dir8680_3842}, takesHeapSnapshot=true, pageLoadStrategy=normal, databaseEnabled=false, handlesAlerts=true, hasTouchScreen=false, version=59.0.3071.115, platform=XP, browserConnectionEnabled=false, nativeEvents=true, acceptSslCerts=true, locationContextEnabled=true, webStorageEnabled=true, browserName=chrome, takesScreenshot=true, javascriptEnabled=true, cssSelectorsEnabled=true, unexpectedAlertBehaviour=}]
Session ID: 8b81bda8b0d9fcfa9ea6600d104587c5
	at org.openqa.selenium.remote.ErrorHandler.createThrowable(ErrorHandler.java:215)
	at org.openqa.selenium.remote.ErrorHandler.throwIfResponseFailed(ErrorHandler.java:167)
	at org.openqa.selenium.remote.RemoteWebDriver.execute(RemoteWebDriver.java:671)
	at org.openqa.selenium.remote.RemoteWebElement.execute(RemoteWebElement.java:272)
	at org.openqa.selenium.remote.RemoteWebElement.click(RemoteWebElement.java:82)
	at com.miral.galenDefination.Search_Page.YasSearchpageUIinMobile(Search_Page.java:44)
... Removed 29 stack frames]]>
    </failure>
  </testcase> <!-- YasSearchpageUIinMobile -->
  <testcase name="YasSearchpageUIinTablet" time="14.668" classname="com.miral.galenDefination.Search_Page"/>
  <testcase name="YasContactUsUIinDesktop" time="21.835" classname="com.miral.galenDefination.ContactUs_Page"/>
</testsuite> <!-- Test -->
