<?xml version="1.0" encoding="UTF-8"?>
<!-- Generated by org.testng.reporters.JUnitXMLReporter -->
<testsuite hostname="WKWIN9963505" ignored="0" name="Default test" tests="1" failures="1" timestamp="17 Jun 2018 08:03:44 GMT" time="25.436" errors="0">
  <testcase name="WBWHomePageUIOnDesktop" time="17.086" classname="com.miral.galenDefination.WBW_HomePage">
    <failure type="com.galenframework.support.LayoutValidationException" message="D:\GalenJAVA\LastStandGalen/src/test/resources/spec/WBW_HomePage.spec, tags: [Desktop]
  - &amp;quot;CookieCloseIcon&amp;quot; is not aligned horizontally all with &amp;quot;CookieAcceptLink&amp;quot;. Offset is 4px (D:\GalenJAVA\LastStandGalen/src/test/resources/spec/WBW_HomePage.spec:11)
  - &amp;quot;CookieTitle&amp;quot; is not aligned horizontally all with &amp;quot;CookieAcceptLink&amp;quot;. Offset is 7px (D:\GalenJAVA\LastStandGalen/src/test/resources/spec/WBW_HomePage.spec:12)
  - &amp;quot;CookieAcceptLink&amp;quot; is not aligned horizontally all with &amp;quot;CookieCloseIcon&amp;quot;. Offset is 4px (D:\GalenJAVA\LastStandGalen/src/test/resources/spec/WBW_HomePage.spec:23)
  - &amp;quot;CookieTitle&amp;quot; is not aligned horizontally all with &amp;quot;CookieCloseIcon&amp;quot;. Offset is 3px (D:\GalenJAVA\LastStandGalen/src/test/resources/spec/WBW_HomePage.spec:24)
  - &amp;quot;CookieAcceptLink&amp;quot; is not aligned horizontally all with &amp;quot;CookieTitle&amp;quot;. Offset is 7px (D:\GalenJAVA\LastStandGalen/src/test/resources/spec/WBW_HomePage.spec:45)
  - &amp;quot;CookieCloseIcon&amp;quot; is not aligned horizontally all with &amp;quot;CookieTitle&amp;quot;. Offset is 3px (D:\GalenJAVA\LastStandGalen/src/test/resources/spec/WBW_HomePage.spec:46)
">
      <![CDATA[com.galenframework.support.LayoutValidationException: D:\GalenJAVA\LastStandGalen/src/test/resources/spec/WBW_HomePage.spec, tags: [Desktop]
  - "CookieCloseIcon" is not aligned horizontally all with "CookieAcceptLink". Offset is 4px (D:\GalenJAVA\LastStandGalen/src/test/resources/spec/WBW_HomePage.spec:11)
  - "CookieTitle" is not aligned horizontally all with "CookieAcceptLink". Offset is 7px (D:\GalenJAVA\LastStandGalen/src/test/resources/spec/WBW_HomePage.spec:12)
  - "CookieAcceptLink" is not aligned horizontally all with "CookieCloseIcon". Offset is 4px (D:\GalenJAVA\LastStandGalen/src/test/resources/spec/WBW_HomePage.spec:23)
  - "CookieTitle" is not aligned horizontally all with "CookieCloseIcon". Offset is 3px (D:\GalenJAVA\LastStandGalen/src/test/resources/spec/WBW_HomePage.spec:24)
  - "CookieAcceptLink" is not aligned horizontally all with "CookieTitle". Offset is 7px (D:\GalenJAVA\LastStandGalen/src/test/resources/spec/WBW_HomePage.spec:45)
  - "CookieCloseIcon" is not aligned horizontally all with "CookieTitle". Offset is 3px (D:\GalenJAVA\LastStandGalen/src/test/resources/spec/WBW_HomePage.spec:46)

	at com.galenframework.support.GalenJavaTestBase.checkLayout(GalenJavaTestBase.java:123)
	at com.galenframework.support.GalenJavaTestBase.checkLayout(GalenJavaTestBase.java:105)
	at com.miral.galenDefination.WBW_HomePage.WBWHomePageUIOnDesktop(WBW_HomePage.java:25)
	at sun.reflect.NativeMethodAccessorImpl.invoke0(Native Method)
	at sun.reflect.NativeMethodAccessorImpl.invoke(NativeMethodAccessorImpl.java:62)
	at sun.reflect.DelegatingMethodAccessorImpl.invoke(DelegatingMethodAccessorImpl.java:43)
	at java.lang.reflect.Method.invoke(Method.java:498)
	at org.testng.internal.MethodInvocationHelper.invokeMethod(MethodInvocationHelper.java:108)
	at org.testng.internal.Invoker.invokeMethod(Invoker.java:661)
	at org.testng.internal.Invoker.invokeTestMethod(Invoker.java:869)
	at org.testng.internal.Invoker.invokeTestMethods(Invoker.java:1193)
	at org.testng.internal.TestMethodWorker.invokeTestMethods(TestMethodWorker.java:126)
	at org.testng.internal.TestMethodWorker.run(TestMethodWorker.java:109)
	at org.testng.TestRunner.privateRun(TestRunner.java:744)
	at org.testng.TestRunner.run(TestRunner.java:602)
	at org.testng.SuiteRunner.runTest(SuiteRunner.java:380)
	at org.testng.SuiteRunner.runSequentially(SuiteRunner.java:375)
	at org.testng.SuiteRunner.privateRun(SuiteRunner.java:340)
	at org.testng.SuiteRunner.run(SuiteRunner.java:289)
	at org.testng.SuiteRunnerWorker.runSuite(SuiteRunnerWorker.java:52)
	at org.testng.SuiteRunnerWorker.run(SuiteRunnerWorker.java:86)
	at org.testng.TestNG.runSuitesSequentially(TestNG.java:1301)
	at org.testng.TestNG.runSuitesLocally(TestNG.java:1226)
	at org.testng.TestNG.runSuites(TestNG.java:1144)
	at org.testng.TestNG.run(TestNG.java:1115)
	at org.testng.remote.AbstractRemoteTestNG.run(AbstractRemoteTestNG.java:132)
	at org.testng.remote.RemoteTestNG.initAndRun(RemoteTestNG.java:230)
	at org.testng.remote.RemoteTestNG.main(RemoteTestNG.java:76)
]]>
    </failure>
  </testcase> <!-- WBWHomePageUIOnDesktop -->
</testsuite> <!-- Default test -->
