<?xml version="1.0" encoding="UTF-8"?>
<!-- Generated by org.testng.reporters.JUnitXMLReporter -->
<testsuite hostname="delksah168562" ignored="0" name="Default test" tests="1" failures="1" timestamp="25 Aug 2017 10:09:06 GMT" time="33.922" errors="0">
  <testcase name="Miral_HomePage_UI_Validation" time="27.993" classname="com.miral.galenDefination.Miral_HomePage">
    <failure type="com.galenframework.support.LayoutValidationException" message="D:\GalenJAVA\LastStandGalen/src/test/resources/spec/MiralHeader.spec, tags: [Desktop]
  - &amp;quot;Header_langselector&amp;quot; is not aligned horizontally all with &amp;quot;Header_cart&amp;quot;. Offset is 5px (D:\GalenJAVA\LastStandGalen/src/test/resources/spec/MiralHeader.spec:23)
  - &amp;quot;Header_cart&amp;quot; is not aligned horizontally all with &amp;quot;Header_langselector&amp;quot;. Offset is 5px (D:\GalenJAVA\LastStandGalen/src/test/resources/spec/MiralHeader.spec:42)
  - &amp;quot;Header_search&amp;quot; is not aligned horizontally all with &amp;quot;Header_langselector&amp;quot;. Offset is 4px (D:\GalenJAVA\LastStandGalen/src/test/resources/spec/MiralHeader.spec:43)
  - &amp;quot;Header_title&amp;quot; is not aligned horizontally all with &amp;quot;Header_profile&amp;quot;. Offset is 5px (D:\GalenJAVA\LastStandGalen/src/test/resources/spec/MiralHeader.spec:91)
  - &amp;quot;Header_langselector&amp;quot; is not aligned horizontally all with &amp;quot;Header_search&amp;quot;. Offset is 4px (D:\GalenJAVA\LastStandGalen/src/test/resources/spec/MiralHeader.spec:109)
  - &amp;quot;Header_profile&amp;quot; is not aligned horizontally all with &amp;quot;Header_title&amp;quot;. Offset is 5px (D:\GalenJAVA\LastStandGalen/src/test/resources/spec/MiralHeader.spec:127)
  - Cannot find locator for &amp;quot;menu_item-2&amp;quot; in page spec (D:\GalenJAVA\LastStandGalen/src/test/resources/spec/MiralHeader.spec:142)
  - &amp;quot;Header_menu-1&amp;quot; width is 541px instead of 120px (D:\GalenJAVA\LastStandGalen/src/test/resources/spec/MiralHeader.spec:143)
  - &amp;quot;Header_menu-1&amp;quot; height is 61px instead of 22px (D:\GalenJAVA\LastStandGalen/src/test/resources/spec/MiralHeader.spec:144)
  - &amp;quot;Header_menu-1&amp;quot; css property &amp;quot;font-size&amp;quot; is &amp;quot;16px&amp;quot; but should be &amp;quot;14px&amp;quot; (D:\GalenJAVA\LastStandGalen/src/test/resources/spec/MiralHeader.spec:145)
  - &amp;quot;Header_menu-1&amp;quot; css property &amp;quot;font-family&amp;quot; is &amp;quot;&amp;quot;Open Sans&amp;quot;, Arial, sans-serif&amp;quot; but should start with &amp;quot;Open Sans&amp;quot; (D:\GalenJAVA\LastStandGalen/src/test/resources/spec/MiralHeader.spec:146)
">
      <![CDATA[com.galenframework.support.LayoutValidationException: D:\GalenJAVA\LastStandGalen/src/test/resources/spec/MiralHeader.spec, tags: [Desktop]
  - "Header_langselector" is not aligned horizontally all with "Header_cart". Offset is 5px (D:\GalenJAVA\LastStandGalen/src/test/resources/spec/MiralHeader.spec:23)
  - "Header_cart" is not aligned horizontally all with "Header_langselector". Offset is 5px (D:\GalenJAVA\LastStandGalen/src/test/resources/spec/MiralHeader.spec:42)
  - "Header_search" is not aligned horizontally all with "Header_langselector". Offset is 4px (D:\GalenJAVA\LastStandGalen/src/test/resources/spec/MiralHeader.spec:43)
  - "Header_title" is not aligned horizontally all with "Header_profile". Offset is 5px (D:\GalenJAVA\LastStandGalen/src/test/resources/spec/MiralHeader.spec:91)
  - "Header_langselector" is not aligned horizontally all with "Header_search". Offset is 4px (D:\GalenJAVA\LastStandGalen/src/test/resources/spec/MiralHeader.spec:109)
  - "Header_profile" is not aligned horizontally all with "Header_title". Offset is 5px (D:\GalenJAVA\LastStandGalen/src/test/resources/spec/MiralHeader.spec:127)
  - Cannot find locator for "menu_item-2" in page spec (D:\GalenJAVA\LastStandGalen/src/test/resources/spec/MiralHeader.spec:142)
  - "Header_menu-1" width is 541px instead of 120px (D:\GalenJAVA\LastStandGalen/src/test/resources/spec/MiralHeader.spec:143)
  - "Header_menu-1" height is 61px instead of 22px (D:\GalenJAVA\LastStandGalen/src/test/resources/spec/MiralHeader.spec:144)
  - "Header_menu-1" css property "font-size" is "16px" but should be "14px" (D:\GalenJAVA\LastStandGalen/src/test/resources/spec/MiralHeader.spec:145)
  - "Header_menu-1" css property "font-family" is ""Open Sans", Arial, sans-serif" but should start with "Open Sans" (D:\GalenJAVA\LastStandGalen/src/test/resources/spec/MiralHeader.spec:146)

	at com.galenframework.support.GalenJavaTestBase.checkLayout(GalenJavaTestBase.java:123)
	at com.galenframework.support.GalenJavaTestBase.checkLayout(GalenJavaTestBase.java:105)
	at com.miral.galenDefination.Miral_HomePage.Miral_HomePage_UI_Validation(Miral_HomePage.java:27)
	at sun.reflect.NativeMethodAccessorImpl.invoke0(Native Method)
	at sun.reflect.NativeMethodAccessorImpl.invoke(NativeMethodAccessorImpl.java:62)
	at sun.reflect.DelegatingMethodAccessorImpl.invoke(DelegatingMethodAccessorImpl.java:43)
	at java.lang.reflect.Method.invoke(Method.java:498)
	at org.testng.internal.MethodInvocationHelper.invokeMethod(MethodInvocationHelper.java:108)
	at org.testng.internal.Invoker.invokeMethod(Invoker.java:661)
	at org.testng.internal.Invoker.invokeTestMethod(Invoker.java:869)
	at org.testng.internal.Invoker.invokeTestMethods(Invoker.java:1193)
	at org.testng.internal.TestMethodWorker.invokeTestMethods(TestMethodWorker.java:126)
	at org.testng.internal.TestMethodWorker.run(TestMethodWorker.java:109)
	at org.testng.TestRunner.privateRun(TestRunner.java:744)
	at org.testng.TestRunner.run(TestRunner.java:602)
	at org.testng.SuiteRunner.runTest(SuiteRunner.java:380)
	at org.testng.SuiteRunner.runSequentially(SuiteRunner.java:375)
	at org.testng.SuiteRunner.privateRun(SuiteRunner.java:340)
	at org.testng.SuiteRunner.run(SuiteRunner.java:289)
	at org.testng.SuiteRunnerWorker.runSuite(SuiteRunnerWorker.java:52)
	at org.testng.SuiteRunnerWorker.run(SuiteRunnerWorker.java:86)
	at org.testng.TestNG.runSuitesSequentially(TestNG.java:1301)
	at org.testng.TestNG.runSuitesLocally(TestNG.java:1226)
	at org.testng.TestNG.runSuites(TestNG.java:1144)
	at org.testng.TestNG.run(TestNG.java:1115)
	at org.testng.remote.AbstractRemoteTestNG.run(AbstractRemoteTestNG.java:132)
	at org.testng.remote.RemoteTestNG.initAndRun(RemoteTestNG.java:230)
	at org.testng.remote.RemoteTestNG.main(RemoteTestNG.java:76)
]]>
    </failure>
  </testcase> <!-- Miral_HomePage_UI_Validation -->
</testsuite> <!-- Default test -->
